<?xml version="1.0" encoding="UTF-8"?>
<!-- Generated by org.testng.reporters.JUnitXMLReporter -->
<testsuite ignored="0" hostname="DESKTOP-KTHCJK7" failures="0" tests="3" name="Surefire test" time="91.173" errors="0" timestamp="2023-02-11T04:56:51 IST">
  <testcase classname="com.miro.signup.SignUpTest" name="testSignUp" time="83.631"/>
  <testcase classname="com.miro.signup.SignUpTest" name="testSignUp" time="0.002">
    <skipped/>
  </testcase> <!-- testSignUp -->
  <testcase classname="com.miro.signup.SignUpTest" name="testSignUp" time="0.002">
    <skipped/>
  </testcase> <!-- testSignUp -->
</testsuite> <!-- Surefire test -->
