<?xml version="1.0" encoding="UTF-8"?>
<!-- Generated by org.testng.reporters.JUnitXMLReporter -->
<testsuite ignored="0" hostname="DESKTOP-KTHCJK7" failures="0" tests="3" name="Default test" time="47.386" errors="0" timestamp="2023-02-12T16:44:13 IST">
  <testcase classname="com.miro.signup.SignUpTest" name="validateSuccessfulSignUpByCustomer" time="42.332"/>
  <testcase classname="com.miro.signup.SignUpTest" name="validateSuccessfulSignUpByCustomer" time="0.004">
    <skipped/>
  </testcase> <!-- validateSuccessfulSignUpByCustomer -->
  <testcase classname="com.miro.signup.SignUpTest" name="validateSuccessfulSignUpByCustomer" time="0.002">
    <skipped/>
  </testcase> <!-- validateSuccessfulSignUpByCustomer -->
</testsuite> <!-- Default test -->
