<?xml version="1.0" encoding="UTF-8"?>
<!-- Generated by org.testng.reporters.JUnitXMLReporter -->
<testsuite ignored="0" hostname="DESKTOP-KTHCJK7" failures="0" tests="3" name="Miro Test" time="90.99" errors="0" timestamp="2023-02-12T19:06:27 IST">
  <testcase classname="com.miro.signup.SignUpTest" name="validateSuccessfulSignUpByCustomer" time="81.978"/>
  <testcase classname="com.miro.signup.SignUpTest" name="validateSuccessfulSignUpByCustomer" time="0.004">
    <skipped/>
  </testcase> <!-- validateSuccessfulSignUpByCustomer -->
  <testcase classname="com.miro.signup.SignUpTest" name="validateSuccessfulSignUpByCustomer" time="0.003">
    <skipped/>
  </testcase> <!-- validateSuccessfulSignUpByCustomer -->
</testsuite> <!-- Miro Test -->
