<?xml version="1.0" encoding="UTF-8"?>
<!-- Generated by org.testng.reporters.JUnitXMLReporter -->
<testsuite ignored="0" hostname="DESKTOP-KTHCJK7" failures="0" tests="3" name="Miro Test" time="194.339" errors="0" timestamp="2023-02-12T20:09:01 IST">
  <testcase classname="com.miro.signup.SignUpTest" name="validateSuccessfulSignUpByCustomer" time="56.183"/>
  <testcase classname="com.miro.signup.SignUpTest" name="validateSuccessfulSignUpByCustomer" time="134.951"/>
  <testcase classname="com.miro.signup.SignUpTest" name="validateSuccessfulSignUpByCustomer" time="0.003">
    <skipped/>
  </testcase> <!-- validateSuccessfulSignUpByCustomer -->
</testsuite> <!-- Miro Test -->
