<?xml version="1.0" encoding="UTF-8"?>
<!-- Generated by org.testng.reporters.JUnitXMLReporter -->
<testsuite ignored="0" hostname="DESKTOP-KTHCJK7" failures="0" tests="3" name="Test" time="46.889" errors="0" timestamp="2023-02-11T05:06:22 IST">
  <testcase classname="com.miro.signup.SignUpTest" name="testSignUp" time="43.858"/>
  <testcase classname="com.miro.signup.SignUpTest" name="testSignUp" time="0.002">
    <skipped/>
  </testcase> <!-- testSignUp -->
  <testcase classname="com.miro.signup.SignUpTest" name="testSignUp" time="0.002">
    <skipped/>
  </testcase> <!-- testSignUp -->
</testsuite> <!-- Test -->
